Namespace(batch_size=32, dataset='modelnet40', dropout=0.5, emb_dims=1024, epochs=250, eval=False, exp_name='exp', k=20, lr=0.001, model='dgcnn', model_path='', momentum=0.9, no_cuda=False, num_points=1024, seed=1, test_batch_size=16, use_sgd=True)
Using GPU : 0 from 1 devices
Namespace(batch_size=16, dataset='nagoya_dataset', dropout=0.5, emb_dims=1024, epochs=250, eval=False, exp_name='exp', k=20, lr=0.001, model='dgcnn', model_path='', momentum=0.9, no_cuda=False, num_points=1024, seed=1, test_batch_size=16, use_sgd=True)
Using GPU : 0 from 2 devices
Train 0, loss: 4.103971, train acc: 0.126736, train avg acc: 0.124424
Test 0, loss: 3.128712, test acc: 0.157534, test avg acc: 0.155799
Train 1, loss: 3.172402, train acc: 0.171875, train avg acc: 0.167681
Test 1, loss: 2.847208, test acc: 0.239726, test avg acc: 0.241065
Train 2, loss: 2.870595, train acc: 0.219618, train avg acc: 0.217390
Test 2, loss: 2.727224, test acc: 0.256849, test avg acc: 0.250004
Train 3, loss: 2.834851, train acc: 0.236979, train avg acc: 0.231963
Test 3, loss: 2.741393, test acc: 0.352740, test avg acc: 0.340595
Train 4, loss: 2.732418, train acc: 0.283854, train avg acc: 0.277388
Test 4, loss: 2.527544, test acc: 0.431507, test avg acc: 0.411841
Train 5, loss: 2.634663, train acc: 0.321181, train avg acc: 0.312625
Test 5, loss: 2.586652, test acc: 0.452055, test avg acc: 0.448331
Train 6, loss: 2.562724, train acc: 0.356771, train avg acc: 0.350382
Test 6, loss: 2.433136, test acc: 0.500000, test avg acc: 0.496331
Train 7, loss: 2.459001, train acc: 0.401910, train avg acc: 0.393834
Test 7, loss: 2.274038, test acc: 0.520548, test avg acc: 0.508831
Train 8, loss: 2.433259, train acc: 0.401042, train avg acc: 0.392631
Test 8, loss: 2.251900, test acc: 0.565068, test avg acc: 0.549733
Train 9, loss: 2.363469, train acc: 0.466146, train avg acc: 0.457056
Test 9, loss: 2.326594, test acc: 0.510274, test avg acc: 0.494731
Train 10, loss: 2.373010, train acc: 0.460938, train avg acc: 0.454953
Test 10, loss: 2.256951, test acc: 0.558219, test avg acc: 0.544232
Train 11, loss: 2.300269, train acc: 0.499132, train avg acc: 0.493128
Test 11, loss: 2.203369, test acc: 0.558219, test avg acc: 0.546053
Train 12, loss: 2.301606, train acc: 0.511285, train avg acc: 0.507315
Test 12, loss: 2.110319, test acc: 0.619863, test avg acc: 0.605978
Train 13, loss: 2.227702, train acc: 0.546875, train avg acc: 0.542441
Test 13, loss: 2.173658, test acc: 0.609589, test avg acc: 0.592180
Train 14, loss: 2.183107, train acc: 0.572049, train avg acc: 0.565980
Test 14, loss: 2.077607, test acc: 0.630137, test avg acc: 0.616338
Train 15, loss: 2.189132, train acc: 0.569444, train avg acc: 0.565439
Test 15, loss: 2.252652, test acc: 0.510274, test avg acc: 0.493942
Train 16, loss: 2.143209, train acc: 0.600694, train avg acc: 0.593171
Test 16, loss: 2.027113, test acc: 0.657534, test avg acc: 0.640883
Train 17, loss: 2.113716, train acc: 0.594618, train avg acc: 0.588520
Test 17, loss: 1.994482, test acc: 0.705479, test avg acc: 0.687073
Train 18, loss: 2.088753, train acc: 0.627604, train avg acc: 0.620412
Test 18, loss: 2.005430, test acc: 0.667808, test avg acc: 0.653278
Train 19, loss: 2.121779, train acc: 0.618056, train avg acc: 0.607539
Test 19, loss: 2.135648, test acc: 0.575342, test avg acc: 0.565595
Train 20, loss: 2.061603, train acc: 0.632812, train avg acc: 0.626337
Test 20, loss: 1.991578, test acc: 0.657534, test avg acc: 0.652219
Train 21, loss: 2.021318, train acc: 0.681424, train avg acc: 0.677423
Test 21, loss: 1.933019, test acc: 0.712329, test avg acc: 0.709101
Train 22, loss: 1.994987, train acc: 0.676215, train avg acc: 0.672120
Test 22, loss: 1.935422, test acc: 0.753425, test avg acc: 0.754946
Train 23, loss: 1.976646, train acc: 0.687500, train avg acc: 0.681183
Test 23, loss: 1.934967, test acc: 0.722603, test avg acc: 0.719507
Train 24, loss: 1.936223, train acc: 0.715278, train avg acc: 0.706382
Test 24, loss: 1.929764, test acc: 0.678082, test avg acc: 0.671181
Train 25, loss: 1.931512, train acc: 0.718750, train avg acc: 0.713485
Test 25, loss: 1.934334, test acc: 0.739726, test avg acc: 0.741893
Train 26, loss: 1.908564, train acc: 0.711806, train avg acc: 0.708508
Test 26, loss: 1.862187, test acc: 0.780822, test avg acc: 0.774513
Train 27, loss: 1.918616, train acc: 0.720486, train avg acc: 0.715484
Test 27, loss: 1.891973, test acc: 0.750000, test avg acc: 0.751102
Train 28, loss: 1.901848, train acc: 0.731771, train avg acc: 0.730818
Test 28, loss: 1.824215, test acc: 0.821918, test avg acc: 0.819645
Train 29, loss: 1.878112, train acc: 0.743056, train avg acc: 0.742599
Test 29, loss: 1.920287, test acc: 0.722603, test avg acc: 0.708857
Train 30, loss: 1.842240, train acc: 0.769965, train avg acc: 0.767741
Test 30, loss: 1.756851, test acc: 0.825342, test avg acc: 0.815924
Train 31, loss: 1.829504, train acc: 0.773438, train avg acc: 0.770238
Test 31, loss: 1.853629, test acc: 0.794521, test avg acc: 0.793934
Train 32, loss: 1.828202, train acc: 0.771701, train avg acc: 0.769054
Test 32, loss: 1.779585, test acc: 0.797945, test avg acc: 0.780860
Train 33, loss: 1.770207, train acc: 0.802083, train avg acc: 0.801039
Test 33, loss: 1.820414, test acc: 0.770548, test avg acc: 0.762435
Train 34, loss: 1.784618, train acc: 0.790799, train avg acc: 0.788719
Test 34, loss: 1.799170, test acc: 0.815068, test avg acc: 0.806991
Train 35, loss: 1.786628, train acc: 0.796007, train avg acc: 0.795349
Test 35, loss: 1.950802, test acc: 0.726027, test avg acc: 0.727216
Train 36, loss: 1.731466, train acc: 0.828993, train avg acc: 0.826901
Test 36, loss: 1.717489, test acc: 0.845890, test avg acc: 0.843422
Train 37, loss: 1.686254, train acc: 0.842882, train avg acc: 0.841298
Test 37, loss: 1.712468, test acc: 0.852740, test avg acc: 0.853214
Train 38, loss: 1.715760, train acc: 0.838542, train avg acc: 0.838476
Test 38, loss: 1.759096, test acc: 0.828767, test avg acc: 0.828359
Train 39, loss: 1.736174, train acc: 0.819444, train avg acc: 0.815757
Test 39, loss: 1.978218, test acc: 0.678082, test avg acc: 0.683146
Train 40, loss: 1.698895, train acc: 0.833333, train avg acc: 0.832847
Test 40, loss: 1.726292, test acc: 0.832192, test avg acc: 0.818992
Train 41, loss: 1.700775, train acc: 0.847222, train avg acc: 0.848026
Test 41, loss: 1.785478, test acc: 0.787671, test avg acc: 0.782474
Train 42, loss: 1.699591, train acc: 0.844618, train avg acc: 0.842889
Test 42, loss: 1.841021, test acc: 0.794521, test avg acc: 0.791067
Train 43, loss: 1.671224, train acc: 0.861979, train avg acc: 0.861075
Test 43, loss: 1.701216, test acc: 0.828767, test avg acc: 0.819527
Train 44, loss: 1.676959, train acc: 0.859375, train avg acc: 0.856130
Test 44, loss: 1.767726, test acc: 0.835616, test avg acc: 0.836027
Train 45, loss: 1.653460, train acc: 0.868924, train avg acc: 0.867278
Test 45, loss: 1.843765, test acc: 0.760274, test avg acc: 0.765118
Train 46, loss: 1.645042, train acc: 0.875868, train avg acc: 0.873492
Test 46, loss: 1.801925, test acc: 0.784247, test avg acc: 0.780511
Train 47, loss: 1.632412, train acc: 0.881076, train avg acc: 0.881044
Test 47, loss: 1.688991, test acc: 0.859589, test avg acc: 0.857426
Train 48, loss: 1.640546, train acc: 0.868924, train avg acc: 0.866872
Test 48, loss: 1.724605, test acc: 0.839041, test avg acc: 0.839984
Train 49, loss: 1.622108, train acc: 0.877604, train avg acc: 0.876562
Test 49, loss: 1.638492, test acc: 0.869863, test avg acc: 0.869114
Train 50, loss: 1.616282, train acc: 0.886285, train avg acc: 0.886426
Test 50, loss: 1.625831, test acc: 0.883562, test avg acc: 0.875367
Train 51, loss: 1.642301, train acc: 0.867188, train avg acc: 0.866168
Test 51, loss: 1.860726, test acc: 0.729452, test avg acc: 0.716973
Train 52, loss: 1.619594, train acc: 0.881076, train avg acc: 0.879641
Test 52, loss: 1.752458, test acc: 0.818493, test avg acc: 0.810767
Train 53, loss: 1.598536, train acc: 0.885417, train avg acc: 0.883177
Test 53, loss: 1.875986, test acc: 0.763699, test avg acc: 0.763512
Train 54, loss: 1.605431, train acc: 0.883681, train avg acc: 0.883886
Test 54, loss: 1.681589, test acc: 0.832192, test avg acc: 0.829990
Train 55, loss: 1.543999, train acc: 0.922743, train avg acc: 0.923344
Test 55, loss: 1.703654, test acc: 0.842466, test avg acc: 0.845006
Train 56, loss: 1.549748, train acc: 0.922743, train avg acc: 0.921727
Test 56, loss: 1.612331, test acc: 0.869863, test avg acc: 0.869389
Namespace(batch_size=16, dataset='nagoya_dataset', dropout=0.5, emb_dims=1024, epochs=250, eval=False, exp_name='exp', k=20, lr=0.001, model='dgcnn', model_path='', momentum=0.9, no_cuda=False, num_points=1024, seed=1, test_batch_size=16, use_sgd=True)
Using CPU
Namespace(batch_size=16, dataset='nagoya_dataset', dropout=0.5, emb_dims=1024, epochs=250, eval=False, exp_name='exp', k=20, lr=0.001, model='dgcnn', model_path='', momentum=0.9, no_cuda=False, num_points=1024, seed=1, test_batch_size=16, use_sgd=True)
Using GPU : 0 from 1 devices
Train 0, loss: 4.107729, train acc: 0.138021, train avg acc: 0.134045
Test 0, loss: 3.311929, test acc: 0.130137, test avg acc: 0.123931
Train 1, loss: 3.138679, train acc: 0.174479, train avg acc: 0.171148
Test 1, loss: 2.835326, test acc: 0.226027, test avg acc: 0.242664
Namespace(batch_size=16, dataset='nagoya_dataset', dropout=0.5, emb_dims=1024, epochs=250, eval=False, exp_name='exp', k=20, lr=0.001, model='dgcnn', model_path='', momentum=0.9, no_cuda=False, num_points=1024, seed=1, test_batch_size=16, use_sgd=True)
Using GPU : 0 from 2 devices
Train 0, loss: 4.204137, train acc: 0.133681, train avg acc: 0.129718
Valdation 0, loss: 3.178058, validation acc: 0.106164, validation avg acc: 0.094442
Train 1, loss: 3.165319, train acc: 0.141493, train avg acc: 0.137572
Valdation 1, loss: 2.848821, validation acc: 0.253425, validation avg acc: 0.266627
Train 2, loss: 2.938575, train acc: 0.197917, train avg acc: 0.195240
Valdation 2, loss: 2.722472, validation acc: 0.256849, validation avg acc: 0.252356
Train 3, loss: 2.848082, train acc: 0.223958, train avg acc: 0.218918
Valdation 3, loss: 2.788066, validation acc: 0.332192, validation avg acc: 0.323019
Train 4, loss: 2.748226, train acc: 0.250000, train avg acc: 0.245389
Valdation 4, loss: 2.562974, validation acc: 0.390411, validation avg acc: 0.367378
Train 5, loss: 2.691651, train acc: 0.306424, train avg acc: 0.296724
Valdation 5, loss: 2.556327, validation acc: 0.366438, validation avg acc: 0.348505
Train 6, loss: 2.596617, train acc: 0.343750, train avg acc: 0.335783
Valdation 6, loss: 2.524804, validation acc: 0.428082, validation avg acc: 0.408590
Train 7, loss: 2.525552, train acc: 0.367188, train avg acc: 0.357675
Valdation 7, loss: 2.367312, validation acc: 0.428082, validation avg acc: 0.415700
Train 8, loss: 2.467374, train acc: 0.394965, train avg acc: 0.388176
Valdation 8, loss: 2.288022, validation acc: 0.520548, validation avg acc: 0.501298
Train 9, loss: 2.378872, train acc: 0.463542, train avg acc: 0.457632
Valdation 9, loss: 2.264800, validation acc: 0.534247, validation avg acc: 0.518328
Namespace(batch_size=16, dataset='nagoya_dataset', dropout=0.5, emb_dims=1024, epochs=250, eval=False, exp_name='exp', k=20, lr=0.001, model='dgcnn', model_path='', momentum=0.9, no_cuda=False, num_points=1024, seed=1, test_batch_size=16, use_sgd=True)
Using GPU : 0 from 2 devices
Train 0, loss: 4.116043, train acc: 0.138021, train avg acc: 0.135938
Valdation 0, loss: 3.200970, validation acc: 0.140411, validation avg acc: 0.134256
Train 1, loss: 3.114590, train acc: 0.167535, train avg acc: 0.163767
Valdation 1, loss: 2.806774, validation acc: 0.253425, validation avg acc: 0.257265
Train 2, loss: 2.890604, train acc: 0.211806, train avg acc: 0.210601
Valdation 2, loss: 2.733779, validation acc: 0.273973, validation avg acc: 0.260962
Train 3, loss: 2.815297, train acc: 0.234375, train avg acc: 0.231341
Valdation 3, loss: 2.595961, validation acc: 0.363014, validation avg acc: 0.356052
Namespace(batch_size=16, dataset='nagoya_dataset', dropout=0.5, emb_dims=1024, epochs=250, eval=False, exp_name='exp', k=20, lr=0.001, model='dgcnn', model_path='', momentum=0.9, no_cuda=False, num_points=1024, seed=1, test_batch_size=16, use_sgd=True)
Using GPU : 0 from 2 devices
Train 0, loss: 4.264570, train acc: 0.134549, train avg acc: 0.132663
Valdation 0, loss: 3.205781, validation acc: 0.123288, validation avg acc: 0.112288
Train 1, loss: 3.127394, train acc: 0.168403, train avg acc: 0.163696
Valdation 1, loss: 2.845635, validation acc: 0.236301, validation avg acc: 0.247656
Train 2, loss: 2.931082, train acc: 0.203993, train avg acc: 0.202942
Valdation 2, loss: 2.775721, validation acc: 0.215753, validation avg acc: 0.221290
Train 3, loss: 2.830770, train acc: 0.243056, train avg acc: 0.238021
Valdation 3, loss: 2.697384, validation acc: 0.328767, validation avg acc: 0.321136
Train 4, loss: 2.723161, train acc: 0.280382, train avg acc: 0.273516
Valdation 4, loss: 2.677447, validation acc: 0.366438, validation avg acc: 0.346440
Train 5, loss: 2.671266, train acc: 0.325521, train avg acc: 0.313976
Valdation 5, loss: 2.524407, validation acc: 0.407534, validation avg acc: 0.398750
Train 6, loss: 2.586851, train acc: 0.334201, train avg acc: 0.326360
Valdation 6, loss: 2.360136, validation acc: 0.489726, validation avg acc: 0.470379
Train 7, loss: 2.488531, train acc: 0.381076, train avg acc: 0.375459
Valdation 7, loss: 2.360609, validation acc: 0.404110, validation avg acc: 0.381779
Namespace(batch_size=16, dataset='nagoya_dataset', dropout=0.5, emb_dims=1024, epochs=250, eval=False, exp_name='exp', k=20, lr=0.001, model='dgcnn', model_path='', momentum=0.9, no_cuda=False, num_points=1024, seed=1, test_batch_size=16, use_sgd=True)
Using GPU : 0 from 2 devices
Train 0, loss: 4.259562, train acc: 0.125868, train avg acc: 0.123124
Valdation 0, loss: 3.392535, validation acc: 0.109589, validation avg acc: 0.098224
Train 1, loss: 3.167267, train acc: 0.148438, train avg acc: 0.144696
Valdation 1, loss: 2.819405, validation acc: 0.263699, validation avg acc: 0.276550
Train 2, loss: 2.927346, train acc: 0.198785, train avg acc: 0.196269
Valdation 2, loss: 2.942543, validation acc: 0.195205, validation avg acc: 0.192613
Train 3, loss: 2.843882, train acc: 0.213542, train avg acc: 0.209104
Valdation 3, loss: 2.779815, validation acc: 0.315068, validation avg acc: 0.306517
Train 4, loss: 2.739352, train acc: 0.263889, train avg acc: 0.258673
Valdation 4, loss: 2.498361, validation acc: 0.465753, validation avg acc: 0.442286
Train 5, loss: 2.708718, train acc: 0.284722, train avg acc: 0.277162
Valdation 5, loss: 2.491049, validation acc: 0.414384, validation avg acc: 0.392443
Train 6, loss: 2.600673, train acc: 0.340278, train avg acc: 0.332541
Valdation 6, loss: 2.519168, validation acc: 0.400685, validation avg acc: 0.389654
Train 7, loss: 2.539354, train acc: 0.369792, train avg acc: 0.361446
Valdation 7, loss: 2.374222, validation acc: 0.421233, validation avg acc: 0.404097
Train 8, loss: 2.484271, train acc: 0.387153, train avg acc: 0.379820
Valdation 8, loss: 2.295309, validation acc: 0.530822, validation avg acc: 0.518597
Train 9, loss: 2.410713, train acc: 0.439236, train avg acc: 0.431501
Valdation 9, loss: 2.285725, validation acc: 0.561644, validation avg acc: 0.548262
Train 10, loss: 2.423047, train acc: 0.432292, train avg acc: 0.423853
Valdation 10, loss: 2.223706, validation acc: 0.575342, validation avg acc: 0.563776
Train 11, loss: 2.321668, train acc: 0.465278, train avg acc: 0.461240
Valdation 11, loss: 2.189872, validation acc: 0.547945, validation avg acc: 0.535734
Train 12, loss: 2.340210, train acc: 0.483507, train avg acc: 0.479156
Valdation 12, loss: 2.214159, validation acc: 0.619863, validation avg acc: 0.615422
Train 13, loss: 2.247247, train acc: 0.516493, train avg acc: 0.511277
Valdation 13, loss: 2.191317, validation acc: 0.558219, validation avg acc: 0.550173
Train 14, loss: 2.204574, train acc: 0.562500, train avg acc: 0.557531
Valdation 14, loss: 2.256530, validation acc: 0.520548, validation avg acc: 0.509181
Train 15, loss: 2.245606, train acc: 0.538194, train avg acc: 0.532374
Valdation 15, loss: 2.118277, validation acc: 0.630137, validation avg acc: 0.609551
Train 16, loss: 2.152358, train acc: 0.586806, train avg acc: 0.577462
Valdation 16, loss: 2.092074, validation acc: 0.606164, validation avg acc: 0.594980
Train 17, loss: 2.143006, train acc: 0.599826, train avg acc: 0.593350
Valdation 17, loss: 2.014219, validation acc: 0.732877, validation avg acc: 0.717457
Train 18, loss: 2.117047, train acc: 0.606771, train avg acc: 0.598150
Valdation 18, loss: 2.111568, validation acc: 0.654110, validation avg acc: 0.646379
Train 19, loss: 2.107042, train acc: 0.618924, train avg acc: 0.609804
Valdation 19, loss: 2.022777, validation acc: 0.691781, validation avg acc: 0.689106
Train 20, loss: 2.037402, train acc: 0.657986, train avg acc: 0.650163
Valdation 20, loss: 1.981750, validation acc: 0.705479, validation avg acc: 0.696732
Train 21, loss: 2.046652, train acc: 0.651910, train avg acc: 0.644082
Valdation 21, loss: 2.055510, validation acc: 0.657534, validation avg acc: 0.653645
Train 22, loss: 2.020490, train acc: 0.657986, train avg acc: 0.653024
Valdation 22, loss: 2.051600, validation acc: 0.684932, validation avg acc: 0.685113
Train 23, loss: 1.997904, train acc: 0.670139, train avg acc: 0.666021
Valdation 23, loss: 2.138042, validation acc: 0.654110, validation avg acc: 0.647138
Namespace(batch_size=16, dataset='nagoya_dataset', dropout=0.5, emb_dims=1024, epochs=250, eval=False, exp_name='exp', k=20, lr=0.001, model='dgcnn', model_path='', momentum=0.9, no_cuda=False, num_points=1024, seed=1, test_batch_size=16, use_sgd=True)
Using GPU : 0 from 1 devices
Train 0, loss: 4.116948, train acc: 0.126736, train avg acc: 0.122107
Valdation 0, loss: 3.238617, validation acc: 0.113014, validation avg acc: 0.102437
Train 1, loss: 3.149423, train acc: 0.169271, train avg acc: 0.165975
Valdation 1, loss: 2.799682, validation acc: 0.226027, validation avg acc: 0.238579
Train 2, loss: 2.855070, train acc: 0.230035, train avg acc: 0.227719
Valdation 2, loss: 2.738303, validation acc: 0.226027, validation avg acc: 0.230558
Train 3, loss: 2.790554, train acc: 0.255208, train avg acc: 0.249420
Valdation 3, loss: 2.862951, validation acc: 0.246575, validation avg acc: 0.234424
Train 4, loss: 2.630559, train acc: 0.343750, train avg acc: 0.334003
Valdation 4, loss: 2.440926, validation acc: 0.482877, validation avg acc: 0.460685
Train 5, loss: 2.518499, train acc: 0.396701, train avg acc: 0.391082
Valdation 5, loss: 2.529391, validation acc: 0.390411, validation avg acc: 0.384744
Train 6, loss: 2.404677, train acc: 0.460069, train avg acc: 0.450924
Valdation 6, loss: 2.287346, validation acc: 0.496575, validation avg acc: 0.494735
Train 7, loss: 2.313167, train acc: 0.481771, train avg acc: 0.475990
Valdation 7, loss: 2.165955, validation acc: 0.602740, validation avg acc: 0.587290
Train 8, loss: 2.233395, train acc: 0.538194, train avg acc: 0.533625
Valdation 8, loss: 2.421181, validation acc: 0.431507, validation avg acc: 0.405125
Train 9, loss: 2.199409, train acc: 0.553819, train avg acc: 0.546011
Valdation 9, loss: 2.126636, validation acc: 0.606164, validation avg acc: 0.585767
Train 10, loss: 2.183028, train acc: 0.572917, train avg acc: 0.567262
Valdation 10, loss: 2.030892, validation acc: 0.674658, validation avg acc: 0.670249
Train 11, loss: 2.122393, train acc: 0.596354, train avg acc: 0.591427
Valdation 11, loss: 2.056665, validation acc: 0.647260, validation avg acc: 0.634992
Train 12, loss: 2.084757, train acc: 0.629340, train avg acc: 0.624096
Valdation 12, loss: 2.014208, validation acc: 0.715753, validation avg acc: 0.707277
Train 13, loss: 2.000684, train acc: 0.691840, train avg acc: 0.688172
Valdation 13, loss: 2.003163, validation acc: 0.691781, validation avg acc: 0.676554
Train 14, loss: 1.960283, train acc: 0.708333, train avg acc: 0.700943
Valdation 14, loss: 1.998572, validation acc: 0.654110, validation avg acc: 0.636379
Train 15, loss: 1.983118, train acc: 0.695312, train avg acc: 0.691356
Valdation 15, loss: 1.865088, validation acc: 0.739726, validation avg acc: 0.725516
Train 16, loss: 1.891144, train acc: 0.744792, train avg acc: 0.737591
Valdation 16, loss: 1.890436, validation acc: 0.736301, validation avg acc: 0.718643
Train 17, loss: 1.895013, train acc: 0.728299, train avg acc: 0.723647
Valdation 17, loss: 2.015611, validation acc: 0.698630, validation avg acc: 0.681529
Train 18, loss: 1.845916, train acc: 0.771701, train avg acc: 0.765546
Valdation 18, loss: 1.840793, validation acc: 0.770548, validation avg acc: 0.770905
Train 19, loss: 1.850338, train acc: 0.774306, train avg acc: 0.767094
Valdation 19, loss: 1.901659, validation acc: 0.719178, validation avg acc: 0.715829
Train 20, loss: 1.817246, train acc: 0.768229, train avg acc: 0.763095
Valdation 20, loss: 1.901643, validation acc: 0.753425, validation avg acc: 0.735240
Train 21, loss: 1.762758, train acc: 0.822049, train avg acc: 0.819455
Valdation 21, loss: 1.806494, validation acc: 0.804795, validation avg acc: 0.801364
Train 22, loss: 1.766116, train acc: 0.809028, train avg acc: 0.805285
Valdation 22, loss: 1.861735, validation acc: 0.794521, validation avg acc: 0.787391
Train 23, loss: 1.737113, train acc: 0.839410, train avg acc: 0.835902
Valdation 23, loss: 1.813575, validation acc: 0.767123, validation avg acc: 0.771151
Train 24, loss: 1.695570, train acc: 0.854167, train avg acc: 0.849838
Valdation 24, loss: 1.764081, validation acc: 0.804795, validation avg acc: 0.802857
Train 25, loss: 1.693781, train acc: 0.836806, train avg acc: 0.831896
Valdation 25, loss: 1.827293, validation acc: 0.773973, validation avg acc: 0.768145
Train 26, loss: 1.707377, train acc: 0.844618, train avg acc: 0.841042
Valdation 26, loss: 1.819747, validation acc: 0.756849, validation avg acc: 0.755100
Train 27, loss: 1.703273, train acc: 0.855035, train avg acc: 0.853970
Valdation 27, loss: 1.797149, validation acc: 0.777397, validation avg acc: 0.781032
Train 28, loss: 1.639033, train acc: 0.885417, train avg acc: 0.883582
Valdation 28, loss: 1.841154, validation acc: 0.773973, validation avg acc: 0.777506
Train 29, loss: 1.657411, train acc: 0.861979, train avg acc: 0.857944
Valdation 29, loss: 1.838497, validation acc: 0.780822, validation avg acc: 0.786325
Train 30, loss: 1.635578, train acc: 0.877604, train avg acc: 0.875535
Valdation 30, loss: 1.746271, validation acc: 0.815068, validation avg acc: 0.815793
Train 31, loss: 1.611198, train acc: 0.891493, train avg acc: 0.888417
Valdation 31, loss: 1.748278, validation acc: 0.804795, validation avg acc: 0.804865
Train 32, loss: 1.638133, train acc: 0.873264, train avg acc: 0.872178
Valdation 32, loss: 1.930394, validation acc: 0.746575, validation avg acc: 0.742624
Train 33, loss: 1.596684, train acc: 0.897569, train avg acc: 0.894997
Valdation 33, loss: 1.775401, validation acc: 0.832192, validation avg acc: 0.832628
Train 34, loss: 1.619894, train acc: 0.876736, train avg acc: 0.874197
Valdation 34, loss: 1.674197, validation acc: 0.845890, validation avg acc: 0.842158
Train 35, loss: 1.586305, train acc: 0.901042, train avg acc: 0.897279
Valdation 35, loss: 1.709843, validation acc: 0.808219, validation avg acc: 0.806958
Train 36, loss: 1.569008, train acc: 0.902778, train avg acc: 0.900596
Valdation 36, loss: 1.725727, validation acc: 0.821918, validation avg acc: 0.823718
Train 37, loss: 1.560942, train acc: 0.915799, train avg acc: 0.914760
Valdation 37, loss: 1.749576, validation acc: 0.818493, validation avg acc: 0.819102
Train 38, loss: 1.519034, train acc: 0.937500, train avg acc: 0.936793
Valdation 38, loss: 1.771165, validation acc: 0.828767, validation avg acc: 0.829980
Train 39, loss: 1.537931, train acc: 0.914931, train avg acc: 0.913275
Valdation 39, loss: 1.642059, validation acc: 0.852740, validation avg acc: 0.846508
Train 40, loss: 1.521481, train acc: 0.932292, train avg acc: 0.931773
Valdation 40, loss: 1.714727, validation acc: 0.832192, validation avg acc: 0.828439
Train 41, loss: 1.522836, train acc: 0.929688, train avg acc: 0.930681
Valdation 41, loss: 1.917536, validation acc: 0.743151, validation avg acc: 0.743757
Train 42, loss: 1.519605, train acc: 0.936632, train avg acc: 0.935189
Valdation 42, loss: 1.656227, validation acc: 0.856164, validation avg acc: 0.851548
Train 43, loss: 1.513662, train acc: 0.937500, train avg acc: 0.935569
Valdation 43, loss: 1.727573, validation acc: 0.815068, validation avg acc: 0.805209
Train 44, loss: 1.497362, train acc: 0.937500, train avg acc: 0.936227
Valdation 44, loss: 1.585564, validation acc: 0.869863, validation avg acc: 0.865815
Train 45, loss: 1.478873, train acc: 0.947917, train avg acc: 0.946995
Valdation 45, loss: 1.704567, validation acc: 0.818493, validation avg acc: 0.820329
Train 46, loss: 1.476100, train acc: 0.947049, train avg acc: 0.948188
Valdation 46, loss: 1.692134, validation acc: 0.835616, validation avg acc: 0.831944
Train 47, loss: 1.485183, train acc: 0.947917, train avg acc: 0.946737
Valdation 47, loss: 1.589596, validation acc: 0.880137, validation avg acc: 0.877755
Train 48, loss: 1.461699, train acc: 0.954861, train avg acc: 0.953651
Valdation 48, loss: 1.585956, validation acc: 0.873288, validation avg acc: 0.871764
Train 49, loss: 1.464733, train acc: 0.963542, train avg acc: 0.963949
Valdation 49, loss: 1.616088, validation acc: 0.886986, validation avg acc: 0.886386
Train 50, loss: 1.451439, train acc: 0.962674, train avg acc: 0.962933
Valdation 50, loss: 1.596825, validation acc: 0.880137, validation avg acc: 0.878662
Train 51, loss: 1.471914, train acc: 0.946181, train avg acc: 0.944952
Valdation 51, loss: 1.712407, validation acc: 0.821918, validation avg acc: 0.815917
Train 52, loss: 1.454343, train acc: 0.952257, train avg acc: 0.952090
Valdation 52, loss: 1.606245, validation acc: 0.876712, validation avg acc: 0.870486
Train 53, loss: 1.460153, train acc: 0.959201, train avg acc: 0.959567
Valdation 53, loss: 1.784340, validation acc: 0.797945, validation avg acc: 0.800150
Train 54, loss: 1.447817, train acc: 0.967882, train avg acc: 0.968115
Valdation 54, loss: 1.642254, validation acc: 0.859589, validation avg acc: 0.863146
Train 55, loss: 1.420119, train acc: 0.970486, train avg acc: 0.968894
Valdation 55, loss: 1.715100, validation acc: 0.811644, validation avg acc: 0.808797
Train 56, loss: 1.432805, train acc: 0.973090, train avg acc: 0.973713
Valdation 56, loss: 1.599177, validation acc: 0.859589, validation avg acc: 0.857152
Train 57, loss: 1.442615, train acc: 0.960938, train avg acc: 0.960934
Valdation 57, loss: 1.600094, validation acc: 0.852740, validation avg acc: 0.855551
Train 58, loss: 1.419020, train acc: 0.972222, train avg acc: 0.972820
Valdation 58, loss: 1.759080, validation acc: 0.804795, validation avg acc: 0.791184
Train 59, loss: 1.429139, train acc: 0.977431, train avg acc: 0.977911
Valdation 59, loss: 1.634308, validation acc: 0.856164, validation avg acc: 0.851017
Train 60, loss: 1.410421, train acc: 0.973090, train avg acc: 0.973351
Valdation 60, loss: 1.635629, validation acc: 0.852740, validation avg acc: 0.852597
Train 61, loss: 1.407036, train acc: 0.973958, train avg acc: 0.974568
Valdation 61, loss: 1.596156, validation acc: 0.873288, validation avg acc: 0.873476
Train 62, loss: 1.406902, train acc: 0.974826, train avg acc: 0.974501
Valdation 62, loss: 1.678742, validation acc: 0.835616, validation avg acc: 0.833100
Train 63, loss: 1.413208, train acc: 0.977431, train avg acc: 0.976639
Valdation 63, loss: 1.605627, validation acc: 0.866438, validation avg acc: 0.867261
Train 64, loss: 1.406028, train acc: 0.979167, train avg acc: 0.979154
Valdation 64, loss: 1.684509, validation acc: 0.845890, validation avg acc: 0.840585
Train 65, loss: 1.395981, train acc: 0.980035, train avg acc: 0.980289
Valdation 65, loss: 1.605720, validation acc: 0.873288, validation avg acc: 0.874734
Train 66, loss: 1.419989, train acc: 0.970486, train avg acc: 0.970476
Valdation 66, loss: 1.623222, validation acc: 0.880137, validation avg acc: 0.878050
Train 67, loss: 1.408749, train acc: 0.972222, train avg acc: 0.971395
Valdation 67, loss: 1.571535, validation acc: 0.880137, validation avg acc: 0.874618
Train 68, loss: 1.395734, train acc: 0.982639, train avg acc: 0.982999
Valdation 68, loss: 1.622071, validation acc: 0.869863, validation avg acc: 0.867675
Train 69, loss: 1.391246, train acc: 0.981771, train avg acc: 0.981641
Valdation 69, loss: 1.637351, validation acc: 0.842466, validation avg acc: 0.842626
Train 70, loss: 1.373138, train acc: 0.987847, train avg acc: 0.987775
Valdation 70, loss: 1.658152, validation acc: 0.849315, validation avg acc: 0.852299
Train 71, loss: 1.377909, train acc: 0.980035, train avg acc: 0.980000
Valdation 71, loss: 1.570788, validation acc: 0.900685, validation avg acc: 0.901221
Train 72, loss: 1.388901, train acc: 0.977431, train avg acc: 0.978052
Valdation 72, loss: 1.574513, validation acc: 0.890411, validation avg acc: 0.892708
Train 73, loss: 1.373276, train acc: 0.986111, train avg acc: 0.985536
Valdation 73, loss: 1.550805, validation acc: 0.910959, validation avg acc: 0.909842
Train 74, loss: 1.373379, train acc: 0.984375, train avg acc: 0.984005
Valdation 74, loss: 1.593102, validation acc: 0.876712, validation avg acc: 0.875135
Train 75, loss: 1.378740, train acc: 0.985243, train avg acc: 0.985539
Valdation 75, loss: 1.599847, validation acc: 0.897260, validation avg acc: 0.898528
Train 76, loss: 1.368775, train acc: 0.986979, train avg acc: 0.987819
Valdation 76, loss: 1.597422, validation acc: 0.880137, validation avg acc: 0.878519
Train 77, loss: 1.374142, train acc: 0.986979, train avg acc: 0.987596
Valdation 77, loss: 1.595364, validation acc: 0.890411, validation avg acc: 0.890032
Train 78, loss: 1.383113, train acc: 0.979167, train avg acc: 0.979772
Valdation 78, loss: 1.568060, validation acc: 0.880137, validation avg acc: 0.879219
Train 79, loss: 1.378234, train acc: 0.983507, train avg acc: 0.984146
Valdation 79, loss: 1.616237, validation acc: 0.859589, validation avg acc: 0.853423
Train 80, loss: 1.376453, train acc: 0.983507, train avg acc: 0.983226
Valdation 80, loss: 1.798728, validation acc: 0.763699, validation avg acc: 0.764264
Train 81, loss: 1.374161, train acc: 0.987847, train avg acc: 0.988155
Valdation 81, loss: 1.849057, validation acc: 0.784247, validation avg acc: 0.776773
Train 82, loss: 1.372501, train acc: 0.985243, train avg acc: 0.986094
Valdation 82, loss: 1.636578, validation acc: 0.825342, validation avg acc: 0.822991
Train 83, loss: 1.360228, train acc: 0.985243, train avg acc: 0.984979
Valdation 83, loss: 1.629423, validation acc: 0.863014, validation avg acc: 0.859414
Train 84, loss: 1.365397, train acc: 0.989583, train avg acc: 0.989477
Valdation 84, loss: 1.586773, validation acc: 0.880137, validation avg acc: 0.878569
Train 85, loss: 1.352980, train acc: 0.990451, train avg acc: 0.990411
Valdation 85, loss: 1.575695, validation acc: 0.890411, validation avg acc: 0.888637
Train 86, loss: 1.351376, train acc: 0.990451, train avg acc: 0.991104
Valdation 86, loss: 1.664638, validation acc: 0.839041, validation avg acc: 0.838714
Train 87, loss: 1.357512, train acc: 0.986979, train avg acc: 0.987304
Valdation 87, loss: 1.545047, validation acc: 0.890411, validation avg acc: 0.890314
Train 88, loss: 1.354450, train acc: 0.985243, train avg acc: 0.985571
Valdation 88, loss: 1.646150, validation acc: 0.839041, validation avg acc: 0.836454
Train 89, loss: 1.362101, train acc: 0.984375, train avg acc: 0.984179
Valdation 89, loss: 1.594883, validation acc: 0.869863, validation avg acc: 0.865940
Train 90, loss: 1.350078, train acc: 0.992188, train avg acc: 0.992384
Valdation 90, loss: 1.577121, validation acc: 0.866438, validation avg acc: 0.862445
Train 91, loss: 1.345660, train acc: 0.993056, train avg acc: 0.992982
Valdation 91, loss: 1.614910, validation acc: 0.869863, validation avg acc: 0.865365
Train 92, loss: 1.353977, train acc: 0.993056, train avg acc: 0.993387
Valdation 92, loss: 1.573078, validation acc: 0.873288, validation avg acc: 0.872630
Train 93, loss: 1.350576, train acc: 0.992188, train avg acc: 0.992071
Valdation 93, loss: 1.674739, validation acc: 0.849315, validation avg acc: 0.852047
Train 94, loss: 1.346383, train acc: 0.992188, train avg acc: 0.992517
Valdation 94, loss: 1.583541, validation acc: 0.880137, validation avg acc: 0.873933
Train 95, loss: 1.340049, train acc: 0.992188, train avg acc: 0.992100
Valdation 95, loss: 1.532604, validation acc: 0.897260, validation avg acc: 0.894260
Train 96, loss: 1.338068, train acc: 0.993924, train avg acc: 0.994250
Valdation 96, loss: 1.560777, validation acc: 0.893836, validation avg acc: 0.891251
Train 97, loss: 1.345786, train acc: 0.989583, train avg acc: 0.989764
Valdation 97, loss: 1.550774, validation acc: 0.893836, validation avg acc: 0.896062
Train 98, loss: 1.329496, train acc: 0.992188, train avg acc: 0.992650
Valdation 98, loss: 1.606189, validation acc: 0.869863, validation avg acc: 0.865127
Train 99, loss: 1.332845, train acc: 0.993056, train avg acc: 0.992950
Valdation 99, loss: 1.551126, validation acc: 0.900685, validation avg acc: 0.903561
Train 100, loss: 1.327951, train acc: 0.992188, train avg acc: 0.992751
Valdation 100, loss: 1.536774, validation acc: 0.904110, validation avg acc: 0.902337
Train 101, loss: 1.335333, train acc: 0.991319, train avg acc: 0.991705
Valdation 101, loss: 1.555958, validation acc: 0.880137, validation avg acc: 0.875968
Train 102, loss: 1.336109, train acc: 0.992188, train avg acc: 0.992554
Valdation 102, loss: 1.512663, validation acc: 0.904110, validation avg acc: 0.907648
Train 103, loss: 1.331177, train acc: 0.991319, train avg acc: 0.991711
Valdation 103, loss: 1.663944, validation acc: 0.873288, validation avg acc: 0.870473
Train 104, loss: 1.343869, train acc: 0.989583, train avg acc: 0.989770
Valdation 104, loss: 1.629284, validation acc: 0.856164, validation avg acc: 0.853293
Train 105, loss: 1.335758, train acc: 0.991319, train avg acc: 0.991711
Valdation 105, loss: 1.570238, validation acc: 0.893836, validation avg acc: 0.891801
Train 106, loss: 1.328415, train acc: 0.993056, train avg acc: 0.993374
Valdation 106, loss: 1.525971, validation acc: 0.914384, validation avg acc: 0.913686
Train 107, loss: 1.324159, train acc: 0.993056, train avg acc: 0.993064
Valdation 107, loss: 1.631887, validation acc: 0.852740, validation avg acc: 0.856502
Train 108, loss: 1.324034, train acc: 0.994792, train avg acc: 0.995037
Valdation 108, loss: 1.529695, validation acc: 0.900685, validation avg acc: 0.900033
Train 109, loss: 1.333143, train acc: 0.992188, train avg acc: 0.991916
Valdation 109, loss: 1.533743, validation acc: 0.883562, validation avg acc: 0.881444
Train 110, loss: 1.328776, train acc: 0.994792, train avg acc: 0.994912
Valdation 110, loss: 1.518191, validation acc: 0.914384, validation avg acc: 0.914177
Train 111, loss: 1.335104, train acc: 0.990451, train avg acc: 0.991060
Valdation 111, loss: 1.528600, validation acc: 0.914384, validation avg acc: 0.912809
Train 112, loss: 1.325559, train acc: 0.994792, train avg acc: 0.994620
Valdation 112, loss: 1.576013, validation acc: 0.880137, validation avg acc: 0.872654
Train 113, loss: 1.324700, train acc: 0.993924, train avg acc: 0.994284
Valdation 113, loss: 1.525907, validation acc: 0.893836, validation avg acc: 0.890003
Train 114, loss: 1.312186, train acc: 0.995660, train avg acc: 0.995876
Valdation 114, loss: 1.520829, validation acc: 0.914384, validation avg acc: 0.913819
Train 115, loss: 1.315340, train acc: 0.995660, train avg acc: 0.995903
Valdation 115, loss: 1.508566, validation acc: 0.907534, validation avg acc: 0.907325
Train 116, loss: 1.318003, train acc: 0.992188, train avg acc: 0.992304
Valdation 116, loss: 1.539677, validation acc: 0.890411, validation avg acc: 0.885539
Train 117, loss: 1.323531, train acc: 0.993924, train avg acc: 0.994132
Valdation 117, loss: 1.537625, validation acc: 0.890411, validation avg acc: 0.891103
Train 118, loss: 1.314697, train acc: 0.996528, train avg acc: 0.996683
Valdation 118, loss: 1.580802, validation acc: 0.873288, validation avg acc: 0.867757
Train 119, loss: 1.313008, train acc: 0.996528, train avg acc: 0.996777
Valdation 119, loss: 1.518797, validation acc: 0.904110, validation avg acc: 0.903976
Train 120, loss: 1.326286, train acc: 0.993056, train avg acc: 0.993381
Valdation 120, loss: 1.547377, validation acc: 0.893836, validation avg acc: 0.892930
Train 121, loss: 1.321253, train acc: 0.994792, train avg acc: 0.994934
Valdation 121, loss: 1.592426, validation acc: 0.869863, validation avg acc: 0.872164
Train 122, loss: 1.309628, train acc: 0.996528, train avg acc: 0.996869
Valdation 122, loss: 1.520790, validation acc: 0.900685, validation avg acc: 0.901188
Train 123, loss: 1.319237, train acc: 0.993056, train avg acc: 0.993306
Valdation 123, loss: 1.587562, validation acc: 0.876712, validation avg acc: 0.877733
Train 124, loss: 1.318126, train acc: 0.994792, train avg acc: 0.994738
Valdation 124, loss: 1.664849, validation acc: 0.866438, validation avg acc: 0.864043
Train 125, loss: 1.311092, train acc: 0.994792, train avg acc: 0.995078
Valdation 125, loss: 1.534408, validation acc: 0.900685, validation avg acc: 0.900359
Train 126, loss: 1.306557, train acc: 0.997396, train avg acc: 0.997665
Valdation 126, loss: 1.536689, validation acc: 0.900685, validation avg acc: 0.896094
Train 127, loss: 1.311200, train acc: 0.996528, train avg acc: 0.996683
Valdation 127, loss: 1.731059, validation acc: 0.794521, validation avg acc: 0.790128
Train 128, loss: 1.315678, train acc: 0.995660, train avg acc: 0.995721
Valdation 128, loss: 1.540397, validation acc: 0.893836, validation avg acc: 0.892942
Train 129, loss: 1.309309, train acc: 0.995660, train avg acc: 0.995947
Valdation 129, loss: 1.602392, validation acc: 0.890411, validation avg acc: 0.892101
Train 130, loss: 1.308223, train acc: 0.996528, train avg acc: 0.996629
Valdation 130, loss: 1.542428, validation acc: 0.886986, validation avg acc: 0.888216
Train 131, loss: 1.309734, train acc: 0.998264, train avg acc: 0.998230
Valdation 131, loss: 1.522625, validation acc: 0.900685, validation avg acc: 0.899411
Train 132, loss: 1.307508, train acc: 0.996528, train avg acc: 0.996664
Valdation 132, loss: 1.541719, validation acc: 0.893836, validation avg acc: 0.892530
Train 133, loss: 1.308241, train acc: 0.994792, train avg acc: 0.994983
Valdation 133, loss: 1.524871, validation acc: 0.907534, validation avg acc: 0.906356
Train 134, loss: 1.307388, train acc: 0.996528, train avg acc: 0.996733
Valdation 134, loss: 1.522721, validation acc: 0.900685, validation avg acc: 0.900062
Train 135, loss: 1.301314, train acc: 0.998264, train avg acc: 0.998326
Valdation 135, loss: 1.527970, validation acc: 0.907534, validation avg acc: 0.907455
Train 136, loss: 1.308369, train acc: 0.997396, train avg acc: 0.997445
Valdation 136, loss: 1.513686, validation acc: 0.900685, validation avg acc: 0.903319
Train 137, loss: 1.304053, train acc: 0.996528, train avg acc: 0.996564
Valdation 137, loss: 1.536642, validation acc: 0.910959, validation avg acc: 0.911468
Train 138, loss: 1.306959, train acc: 0.996528, train avg acc: 0.996448
Valdation 138, loss: 1.542386, validation acc: 0.904110, validation avg acc: 0.901843
Train 139, loss: 1.303629, train acc: 0.995660, train avg acc: 0.995821
Valdation 139, loss: 1.531300, validation acc: 0.893836, validation avg acc: 0.893984
Train 140, loss: 1.305441, train acc: 0.998264, train avg acc: 0.998220
Valdation 140, loss: 1.535972, validation acc: 0.893836, validation avg acc: 0.895186
Train 141, loss: 1.299357, train acc: 0.996528, train avg acc: 0.996611
Valdation 141, loss: 1.512543, validation acc: 0.907534, validation avg acc: 0.906971
Train 142, loss: 1.296664, train acc: 0.996528, train avg acc: 0.996593
Valdation 142, loss: 1.531069, validation acc: 0.904110, validation avg acc: 0.905161
Train 143, loss: 1.296782, train acc: 0.998264, train avg acc: 0.998258
Valdation 143, loss: 1.513215, validation acc: 0.921233, validation avg acc: 0.922530
Train 144, loss: 1.305840, train acc: 0.993056, train avg acc: 0.993435
Valdation 144, loss: 1.569205, validation acc: 0.880137, validation avg acc: 0.881490
Train 145, loss: 1.299290, train acc: 0.998264, train avg acc: 0.998275
Valdation 145, loss: 1.525579, validation acc: 0.910959, validation avg acc: 0.908971
Train 146, loss: 1.302201, train acc: 0.996528, train avg acc: 0.996589
Valdation 146, loss: 1.627438, validation acc: 0.852740, validation avg acc: 0.846561
Train 147, loss: 1.297632, train acc: 0.999132, train avg acc: 0.999278
Valdation 147, loss: 1.530231, validation acc: 0.900685, validation avg acc: 0.900529
Train 148, loss: 1.299481, train acc: 0.996528, train avg acc: 0.996684
Valdation 148, loss: 1.514787, validation acc: 0.900685, validation avg acc: 0.900748
Train 149, loss: 1.296908, train acc: 0.996528, train avg acc: 0.996633
Valdation 149, loss: 1.522840, validation acc: 0.907534, validation avg acc: 0.906317
Train 150, loss: 1.298807, train acc: 0.997396, train avg acc: 0.997447
Valdation 150, loss: 1.524327, validation acc: 0.897260, validation avg acc: 0.900022
Train 151, loss: 1.299782, train acc: 0.995660, train avg acc: 0.995875
Valdation 151, loss: 1.551590, validation acc: 0.897260, validation avg acc: 0.898742
Train 152, loss: 1.290609, train acc: 0.999132, train avg acc: 0.999060
Valdation 152, loss: 1.536684, validation acc: 0.900685, validation avg acc: 0.903573
Train 153, loss: 1.296790, train acc: 0.998264, train avg acc: 0.998448
Valdation 153, loss: 1.582215, validation acc: 0.876712, validation avg acc: 0.870828
Train 154, loss: 1.297785, train acc: 0.994792, train avg acc: 0.995151
Valdation 154, loss: 1.544445, validation acc: 0.893836, validation avg acc: 0.892933
Train 155, loss: 1.289761, train acc: 0.999132, train avg acc: 0.999048
Valdation 155, loss: 1.544795, validation acc: 0.907534, validation avg acc: 0.908570
Train 156, loss: 1.290503, train acc: 0.996528, train avg acc: 0.996614
Valdation 156, loss: 1.562200, validation acc: 0.880137, validation avg acc: 0.880450
Train 157, loss: 1.296429, train acc: 0.996528, train avg acc: 0.996588
Valdation 157, loss: 1.551994, validation acc: 0.900685, validation avg acc: 0.901860
Train 158, loss: 1.295384, train acc: 0.996528, train avg acc: 0.996689
Valdation 158, loss: 1.532789, validation acc: 0.910959, validation avg acc: 0.910849
Train 159, loss: 1.290827, train acc: 0.996528, train avg acc: 0.996526
Valdation 159, loss: 1.535881, validation acc: 0.900685, validation avg acc: 0.900996
Train 160, loss: 1.292214, train acc: 0.996528, train avg acc: 0.996597
Valdation 160, loss: 1.519398, validation acc: 0.910959, validation avg acc: 0.910808
Train 161, loss: 1.290121, train acc: 0.999132, train avg acc: 0.999179
Valdation 161, loss: 1.542827, validation acc: 0.907534, validation avg acc: 0.906598
Train 162, loss: 1.289806, train acc: 0.998264, train avg acc: 0.998239
Valdation 162, loss: 1.527972, validation acc: 0.893836, validation avg acc: 0.897659
Train 163, loss: 1.290235, train acc: 0.997396, train avg acc: 0.997114
Valdation 163, loss: 1.522360, validation acc: 0.914384, validation avg acc: 0.915543
Train 164, loss: 1.287233, train acc: 1.000000, train avg acc: 1.000000
Valdation 164, loss: 1.528503, validation acc: 0.910959, validation avg acc: 0.913340
Train 165, loss: 1.284651, train acc: 0.999132, train avg acc: 0.999060
Valdation 165, loss: 1.536713, validation acc: 0.893836, validation avg acc: 0.896623
Train 166, loss: 1.288193, train acc: 0.998264, train avg acc: 0.998319
Valdation 166, loss: 1.541311, validation acc: 0.900685, validation avg acc: 0.902574
Train 167, loss: 1.290945, train acc: 0.997396, train avg acc: 0.997409
Valdation 167, loss: 1.564438, validation acc: 0.880137, validation avg acc: 0.879396
Train 168, loss: 1.290534, train acc: 0.997396, train avg acc: 0.997399
Valdation 168, loss: 1.522608, validation acc: 0.904110, validation avg acc: 0.906085
Train 169, loss: 1.283442, train acc: 0.999132, train avg acc: 0.999160
Valdation 169, loss: 1.560033, validation acc: 0.904110, validation avg acc: 0.902884
Train 170, loss: 1.289196, train acc: 0.998264, train avg acc: 0.998358
Valdation 170, loss: 1.542590, validation acc: 0.910959, validation avg acc: 0.911355
Train 171, loss: 1.288281, train acc: 0.996528, train avg acc: 0.996356
Valdation 171, loss: 1.530789, validation acc: 0.924658, validation avg acc: 0.926309
Train 172, loss: 1.291362, train acc: 0.999132, train avg acc: 0.999048
Valdation 172, loss: 1.519887, validation acc: 0.910959, validation avg acc: 0.911773
Train 173, loss: 1.286418, train acc: 0.999132, train avg acc: 0.999060
Valdation 173, loss: 1.554430, validation acc: 0.904110, validation avg acc: 0.903554
Train 174, loss: 1.287849, train acc: 0.997396, train avg acc: 0.997409
Valdation 174, loss: 1.521337, validation acc: 0.910959, validation avg acc: 0.910730
Train 175, loss: 1.284219, train acc: 0.998264, train avg acc: 0.998358
Valdation 175, loss: 1.534542, validation acc: 0.907534, validation avg acc: 0.909000
Train 176, loss: 1.287452, train acc: 0.999132, train avg acc: 0.999169
Valdation 176, loss: 1.534798, validation acc: 0.897260, validation avg acc: 0.897085
Train 177, loss: 1.286104, train acc: 0.996528, train avg acc: 0.996585
Valdation 177, loss: 1.516108, validation acc: 0.914384, validation avg acc: 0.914348
Train 178, loss: 1.282517, train acc: 0.999132, train avg acc: 0.999060
Valdation 178, loss: 1.522411, validation acc: 0.917808, validation avg acc: 0.917443
Train 179, loss: 1.284747, train acc: 0.999132, train avg acc: 0.999060
Valdation 179, loss: 1.531116, validation acc: 0.910959, validation avg acc: 0.911886
Train 180, loss: 1.288719, train acc: 0.999132, train avg acc: 0.999060
Valdation 180, loss: 1.526272, validation acc: 0.907534, validation avg acc: 0.909479
Train 181, loss: 1.285539, train acc: 0.998264, train avg acc: 0.998239
Valdation 181, loss: 1.525454, validation acc: 0.900685, validation avg acc: 0.902102
Train 182, loss: 1.277435, train acc: 1.000000, train avg acc: 1.000000
Valdation 182, loss: 1.510661, validation acc: 0.910959, validation avg acc: 0.912686
Train 183, loss: 1.283719, train acc: 0.998264, train avg acc: 0.998239
Valdation 183, loss: 1.518488, validation acc: 0.904110, validation avg acc: 0.906503
Train 184, loss: 1.284693, train acc: 0.999132, train avg acc: 0.999224
Valdation 184, loss: 1.519854, validation acc: 0.904110, validation avg acc: 0.905403
Train 185, loss: 1.284637, train acc: 0.999132, train avg acc: 0.999060
Valdation 185, loss: 1.516716, validation acc: 0.921233, validation avg acc: 0.922008
Train 186, loss: 1.288488, train acc: 0.999132, train avg acc: 0.999278
Valdation 186, loss: 1.521693, validation acc: 0.910959, validation avg acc: 0.911189
Train 187, loss: 1.283306, train acc: 0.999132, train avg acc: 0.999048
Valdation 187, loss: 1.512837, validation acc: 0.904110, validation avg acc: 0.906188
Train 188, loss: 1.280876, train acc: 1.000000, train avg acc: 1.000000
Valdation 188, loss: 1.501900, validation acc: 0.910959, validation avg acc: 0.910589
Train 189, loss: 1.284545, train acc: 0.999132, train avg acc: 0.999179
Valdation 189, loss: 1.517863, validation acc: 0.904110, validation avg acc: 0.905302
Train 190, loss: 1.281589, train acc: 0.998264, train avg acc: 0.998348
Valdation 190, loss: 1.507757, validation acc: 0.921233, validation avg acc: 0.921354
Train 191, loss: 1.277888, train acc: 0.997396, train avg acc: 0.997418
Valdation 191, loss: 1.520585, validation acc: 0.921233, validation avg acc: 0.922138
Train 192, loss: 1.282408, train acc: 0.999132, train avg acc: 0.999169
Valdation 192, loss: 1.505852, validation acc: 0.914384, validation avg acc: 0.915915
Train 193, loss: 1.281715, train acc: 0.999132, train avg acc: 0.999179
Valdation 193, loss: 1.528857, validation acc: 0.914384, validation avg acc: 0.913680
Train 194, loss: 1.280894, train acc: 0.998264, train avg acc: 0.998339
Valdation 194, loss: 1.516688, validation acc: 0.917808, validation avg acc: 0.918378
Train 195, loss: 1.281008, train acc: 1.000000, train avg acc: 1.000000
Valdation 195, loss: 1.524015, validation acc: 0.917808, validation avg acc: 0.917865
Train 196, loss: 1.280425, train acc: 0.998264, train avg acc: 0.998300
Valdation 196, loss: 1.527202, validation acc: 0.914384, validation avg acc: 0.913995
Train 197, loss: 1.278966, train acc: 0.999132, train avg acc: 0.999169
Valdation 197, loss: 1.517810, validation acc: 0.921233, validation avg acc: 0.921625
Train 198, loss: 1.280386, train acc: 1.000000, train avg acc: 1.000000
Valdation 198, loss: 1.512930, validation acc: 0.910959, validation avg acc: 0.911997
Train 199, loss: 1.278984, train acc: 0.998264, train avg acc: 0.998326
Valdation 199, loss: 1.522968, validation acc: 0.910959, validation avg acc: 0.911101
Train 200, loss: 1.278756, train acc: 0.998264, train avg acc: 0.998217
Valdation 200, loss: 1.513737, validation acc: 0.910959, validation avg acc: 0.910918
Train 201, loss: 1.282039, train acc: 1.000000, train avg acc: 1.000000
Valdation 201, loss: 1.517118, validation acc: 0.924658, validation avg acc: 0.924714
Train 202, loss: 1.279798, train acc: 0.999132, train avg acc: 0.999060
Valdation 202, loss: 1.527473, validation acc: 0.914384, validation avg acc: 0.915273
Train 203, loss: 1.278645, train acc: 1.000000, train avg acc: 1.000000
Valdation 203, loss: 1.511705, validation acc: 0.921233, validation avg acc: 0.920571
Train 204, loss: 1.276127, train acc: 1.000000, train avg acc: 1.000000
Valdation 204, loss: 1.522309, validation acc: 0.914384, validation avg acc: 0.914568
Train 205, loss: 1.277605, train acc: 0.999132, train avg acc: 0.999048
Valdation 205, loss: 1.517617, validation acc: 0.910959, validation avg acc: 0.912167
Train 206, loss: 1.277003, train acc: 1.000000, train avg acc: 1.000000
Valdation 206, loss: 1.510037, validation acc: 0.914384, validation avg acc: 0.915273
Train 207, loss: 1.278031, train acc: 0.999132, train avg acc: 0.999271
Valdation 207, loss: 1.530679, validation acc: 0.917808, validation avg acc: 0.919924
Train 208, loss: 1.283018, train acc: 0.998264, train avg acc: 0.998207
Valdation 208, loss: 1.515398, validation acc: 0.904110, validation avg acc: 0.903482
Train 209, loss: 1.278604, train acc: 0.999132, train avg acc: 0.999179
Valdation 209, loss: 1.509066, validation acc: 0.904110, validation avg acc: 0.904236
Train 210, loss: 1.275796, train acc: 1.000000, train avg acc: 1.000000
Valdation 210, loss: 1.510300, validation acc: 0.910959, validation avg acc: 0.910459
Train 211, loss: 1.276554, train acc: 0.999132, train avg acc: 0.999060
Valdation 211, loss: 1.510803, validation acc: 0.910959, validation avg acc: 0.911372
Train 212, loss: 1.278764, train acc: 0.998264, train avg acc: 0.998239
Valdation 212, loss: 1.513427, validation acc: 0.907534, validation avg acc: 0.908898
Train 213, loss: 1.281180, train acc: 0.998264, train avg acc: 0.998358
Valdation 213, loss: 1.518230, validation acc: 0.910959, validation avg acc: 0.913953
Train 214, loss: 1.279087, train acc: 0.999132, train avg acc: 0.999060
Valdation 214, loss: 1.519277, validation acc: 0.907534, validation avg acc: 0.909169
Train 215, loss: 1.277336, train acc: 1.000000, train avg acc: 1.000000
Valdation 215, loss: 1.517796, validation acc: 0.907534, validation avg acc: 0.909822
Train 216, loss: 1.277325, train acc: 1.000000, train avg acc: 1.000000
Valdation 216, loss: 1.511603, validation acc: 0.910959, validation avg acc: 0.911755
Train 217, loss: 1.282288, train acc: 0.998264, train avg acc: 0.998239
Valdation 217, loss: 1.516200, validation acc: 0.910959, validation avg acc: 0.911491
Train 218, loss: 1.278185, train acc: 1.000000, train avg acc: 1.000000
Valdation 218, loss: 1.510151, validation acc: 0.914384, validation avg acc: 0.914861
Train 219, loss: 1.275930, train acc: 0.999132, train avg acc: 0.999035
Valdation 219, loss: 1.525411, validation acc: 0.914384, validation avg acc: 0.915273
Train 220, loss: 1.278385, train acc: 0.999132, train avg acc: 0.999179
Valdation 220, loss: 1.528714, validation acc: 0.907534, validation avg acc: 0.909303
Train 221, loss: 1.276724, train acc: 1.000000, train avg acc: 1.000000
Valdation 221, loss: 1.525285, validation acc: 0.907534, validation avg acc: 0.908125
Train 222, loss: 1.279169, train acc: 0.999132, train avg acc: 0.999206
Valdation 222, loss: 1.531120, validation acc: 0.907534, validation avg acc: 0.911390
Train 223, loss: 1.277025, train acc: 0.999132, train avg acc: 0.999179
Valdation 223, loss: 1.520745, validation acc: 0.910959, validation avg acc: 0.912928
Train 224, loss: 1.278367, train acc: 0.999132, train avg acc: 0.999035
Valdation 224, loss: 1.508608, validation acc: 0.914384, validation avg acc: 0.915273
Train 225, loss: 1.273499, train acc: 1.000000, train avg acc: 1.000000
Valdation 225, loss: 1.517018, validation acc: 0.914384, validation avg acc: 0.915131
Train 226, loss: 1.274930, train acc: 1.000000, train avg acc: 1.000000
Valdation 226, loss: 1.512226, validation acc: 0.914384, validation avg acc: 0.915002
Train 227, loss: 1.278073, train acc: 0.999132, train avg acc: 0.999060
Valdation 227, loss: 1.518268, validation acc: 0.921233, validation avg acc: 0.923564
Train 228, loss: 1.274252, train acc: 1.000000, train avg acc: 1.000000
Valdation 228, loss: 1.514647, validation acc: 0.928082, validation avg acc: 0.928090
Train 229, loss: 1.276905, train acc: 1.000000, train avg acc: 1.000000
Valdation 229, loss: 1.512048, validation acc: 0.910959, validation avg acc: 0.912004
Train 230, loss: 1.275684, train acc: 1.000000, train avg acc: 1.000000
Valdation 230, loss: 1.512704, validation acc: 0.921233, validation avg acc: 0.922521
Train 231, loss: 1.275061, train acc: 0.999132, train avg acc: 0.999060
Valdation 231, loss: 1.519979, validation acc: 0.917808, validation avg acc: 0.918378
Train 232, loss: 1.274586, train acc: 0.999132, train avg acc: 0.999060
Valdation 232, loss: 1.519697, validation acc: 0.914384, validation avg acc: 0.914873
Train 233, loss: 1.276019, train acc: 1.000000, train avg acc: 1.000000
Valdation 233, loss: 1.514706, validation acc: 0.907534, validation avg acc: 0.908650
Train 234, loss: 1.274506, train acc: 1.000000, train avg acc: 1.000000
Valdation 234, loss: 1.503543, validation acc: 0.910959, validation avg acc: 0.910972
Train 235, loss: 1.273763, train acc: 1.000000, train avg acc: 1.000000
Valdation 235, loss: 1.509273, validation acc: 0.910959, validation avg acc: 0.911755
Train 236, loss: 1.275351, train acc: 1.000000, train avg acc: 1.000000
Valdation 236, loss: 1.512835, validation acc: 0.907534, validation avg acc: 0.908779
Train 237, loss: 1.277471, train acc: 1.000000, train avg acc: 1.000000
Valdation 237, loss: 1.513937, validation acc: 0.914384, validation avg acc: 0.914619
Train 238, loss: 1.278488, train acc: 0.998264, train avg acc: 0.998358
Valdation 238, loss: 1.507941, validation acc: 0.910959, validation avg acc: 0.911755
Train 239, loss: 1.279036, train acc: 0.999132, train avg acc: 0.999169
Valdation 239, loss: 1.507465, validation acc: 0.914384, validation avg acc: 0.915785
Train 240, loss: 1.274788, train acc: 1.000000, train avg acc: 1.000000
Valdation 240, loss: 1.517804, validation acc: 0.910959, validation avg acc: 0.911188
Train 241, loss: 1.274158, train acc: 1.000000, train avg acc: 1.000000
Valdation 241, loss: 1.519945, validation acc: 0.907534, validation avg acc: 0.908515
Train 242, loss: 1.279324, train acc: 1.000000, train avg acc: 1.000000
Valdation 242, loss: 1.521933, validation acc: 0.917808, validation avg acc: 0.918761
Train 243, loss: 1.278229, train acc: 0.999132, train avg acc: 0.999169
Valdation 243, loss: 1.510109, validation acc: 0.910959, validation avg acc: 0.912415
Train 244, loss: 1.276075, train acc: 0.999132, train avg acc: 0.999179
Valdation 244, loss: 1.511060, validation acc: 0.917808, validation avg acc: 0.918761
Train 245, loss: 1.277382, train acc: 1.000000, train avg acc: 1.000000
Valdation 245, loss: 1.511708, validation acc: 0.910959, validation avg acc: 0.912745
Train 246, loss: 1.274230, train acc: 1.000000, train avg acc: 1.000000
Valdation 246, loss: 1.512580, validation acc: 0.914384, validation avg acc: 0.914861
Train 247, loss: 1.276237, train acc: 1.000000, train avg acc: 1.000000
Valdation 247, loss: 1.512454, validation acc: 0.907534, validation avg acc: 0.908266
Train 248, loss: 1.276107, train acc: 0.999132, train avg acc: 0.999048
Valdation 248, loss: 1.517112, validation acc: 0.910959, validation avg acc: 0.912680
Train 249, loss: 1.274788, train acc: 1.000000, train avg acc: 1.000000
Valdation 249, loss: 1.505848, validation acc: 0.921233, validation avg acc: 0.921738
